Traceback (most recent call last):
  File "/home/pipev/.conda/envs/SignTranslator/lib/python3.8/runpy.py", line 194, in _run_module_as_main
    return _run_code(code, main_globals, None,
  File "/home/pipev/.conda/envs/SignTranslator/lib/python3.8/runpy.py", line 87, in _run_code
    exec(code, run_globals)
  File "/mnt/shared/Proyectos/SignTranslatorV2/prod/process_lsa64_videos.py", line 32, in <module>
    artifact.add_file("../utils/landmarks/landmarks.py", name="landmarks.py")
  File "/home/pipev/.conda/envs/SignTranslator/lib/python3.8/site-packages/wandb/sdk/artifacts/_validators.py", line 271, in wrapper
    return method(self, *args, **kwargs)
  File "/home/pipev/.conda/envs/SignTranslator/lib/python3.8/site-packages/wandb/sdk/artifacts/artifact.py", line 1496, in add_file
    raise ValueError(f"Path is not a file: {local_path!r}")
ValueError: Path is not a file: '../utils/landmarks/landmarks.py'
Traceback (most recent call last):
  File "/home/pipev/.conda/envs/SignTranslator/lib/python3.8/runpy.py", line 194, in _run_module_as_main
    return _run_code(code, main_globals, None,
  File "/home/pipev/.conda/envs/SignTranslator/lib/python3.8/runpy.py", line 87, in _run_code
    exec(code, run_globals)
  File "/mnt/shared/Proyectos/SignTranslatorV2/prod/process_lsa64_videos.py", line 32, in <module>
    artifact.add_file("../utils/landmarks/landmarks.py", name="landmarks.py")
  File "/home/pipev/.conda/envs/SignTranslator/lib/python3.8/site-packages/wandb/sdk/artifacts/_validators.py", line 271, in wrapper
    return method(self, *args, **kwargs)
  File "/home/pipev/.conda/envs/SignTranslator/lib/python3.8/site-packages/wandb/sdk/artifacts/artifact.py", line 1496, in add_file
    raise ValueError(f"Path is not a file: {local_path!r}")
ValueError: Path is not a file: '../utils/landmarks/landmarks.py'
